     1                                  [bits 32]
     2                                  ORG 0x280000
     3 00000000 EB00                    jmp main
     4                                  
     5                                  main:
     6 00000002 F4                        hlt 
     7 00000003 EBFD                      jmp main
     8                                  
     9 00000005 EB01                    jmp e1_var_z_a_next
    10 00000007 37                      e1_var_z_a: db 9527
    10          ******************       warning: byte data exceeds bounds [-w+number-overflow]
    11                                  e1_var_z_a_next:
    12 00000008 EB01                    jmp e1_var_z_b_next
    13 0000000A D2                      e1_var_z_b: db 1234
    13          ******************       warning: byte data exceeds bounds [-w+number-overflow]
    14                                  e1_var_z_b_next:
    15 0000000B EB01                    jmp e2_var_z_c_next
    16 0000000D 37                      e2_var_z_c: db 9527
    16          ******************       warning: byte data exceeds bounds [-w+number-overflow]
    17                                  e2_var_z_c_next:
    18 0000000E EB01                    jmp e2_var_z_d_next
    19 00000010 D2                      e2_var_z_d: db 1234
    19          ******************       warning: byte data exceeds bounds [-w+number-overflow]
    20                                  e2_var_z_d_next:
