Terminals which are not used

   EOL


State 2 conflicts: 1 shift/reduce
State 3 conflicts: 1 shift/reduce
State 120 conflicts: 1 shift/reduce
State 122 conflicts: 1 shift/reduce
State 138 conflicts: 1 shift/reduce
State 139 conflicts: 1 shift/reduce


Grammar

    0 $accept: stmts $end

    1 stmts: /* empty */
    2      | stmt ';' stmts

    3 stmt: def
    4     | exec
    5     | exp
    6     | '(' stmts ')'

    7 def: def_var
    8    | def_arr
    9    | def_fun

   10 def_var: VAR ':' exp
   11        | VAR ':' PATH
   12        | VAR ':' STRING

   13 @1: /* empty */

   14 def_arr: VAR ':' '{' @1 items '}'

   15 items: items ',' INTEGER
   16      | INTEGER
   17      | /* empty */

   18 @2: /* empty */

   19 def_fun: VAR params ':' @2 '(' stmts ')'

   20 params: '(' ')'
   21       | '(' params_def ')'
   22       | '(' params_exec ')'

   23 params_def: param_def
   24           | param_def ',' params_def

   25 param_def: VAR ':' INTEGER

   26 params_exec: param_exec
   27            | param_exec ',' params_exec

   28 param_exec: exp

   29 exec: '.' '<' '=' exp
   30     | VAR '<' '=' exp
   31     | PREFIXES_VAR '<' '=' exp
   32     | VAR '\\' '(' exp ')' '<' '=' exp
   33     | PREFIXES_VAR '\\' '(' exp ')' '<' '=' exp
   34     | '&' VAR '\\' '(' exp ')' '<' '=' exp
   35     | '&' PREFIXES_VAR '\\' '(' exp ')' '<' '=' exp
   36     | if_head ',' stmt ')'
   37     | if_head ')'

   38 @3: /* empty */

   39 @4: /* empty */

   40 exec: WHILE @3 '(' exp ',' @4 stmt ')'

   41 @5: /* empty */

   42 @6: /* empty */

   43 if_head: IF @5 '(' exp @6 ',' stmt

   44 exp: factor
   45    | exp '+' factor
   46    | exp '-' factor
   47    | exp '<' factor
   48    | exp '>' factor
   49    | exp LEQ factor
   50    | exp MEQ factor
   51    | exp '=' factor
   52    | exp '#' factor

   53 factor: term
   54       | factor '*' term
   55       | factor '/' term

   56 term: INTEGER
   57     | VAR
   58     | PREFIXES_VAR
   59     | '@' VAR
   60     | '@' PREFIXES_VAR
   61     | VAR '\\' '(' exp ')'
   62     | PREFIXES_VAR '\\' '(' exp ')'
   63     | '&' VAR '\\' '(' exp ')'
   64     | '&' PREFIXES_VAR '\\' '(' exp ')'
   65     | VAR params
   66     | PREFIXES_VAR params


Terminals, with rules where they appear

$end (0) 0
'#' (35) 52
'&' (38) 34 35 63 64
'(' (40) 6 19 20 21 22 32 33 34 35 40 43 61 62 63 64
')' (41) 6 19 20 21 22 32 33 34 35 36 37 40 61 62 63 64
'*' (42) 54
'+' (43) 45
',' (44) 15 24 27 36 40 43
'-' (45) 46
'.' (46) 29
'/' (47) 55
':' (58) 10 11 12 14 19 25
';' (59) 2
'<' (60) 29 30 31 32 33 34 35 47
'=' (61) 29 30 31 32 33 34 35 51
'>' (62) 48
'@' (64) 59 60
'\\' (92) 32 33 34 35 61 62 63 64
'{' (123) 14
'}' (125) 14
error (256)
MEQ (258) 50
LEQ (259) 49
INTEGER (260) 15 16 25 56
STRING (261) 12
VAR (262) 10 11 12 14 19 25 30 32 34 57 59 61 63 65
PATH (263) 11
PREFIXES_VAR (264) 31 33 35 58 60 62 64 66
IF (265) 43
WHILE (266) 40
EOL (267)


Nonterminals, with rules where they appear

$accept (32)
    on left: 0
stmts (33)
    on left: 1 2, on right: 0 2 6 19
stmt (34)
    on left: 3 4 5 6, on right: 2 36 40 43
def (35)
    on left: 7 8 9, on right: 3
def_var (36)
    on left: 10 11 12, on right: 7
def_arr (37)
    on left: 14, on right: 8
@1 (38)
    on left: 13, on right: 14
items (39)
    on left: 15 16 17, on right: 14 15
def_fun (40)
    on left: 19, on right: 9
@2 (41)
    on left: 18, on right: 19
params (42)
    on left: 20 21 22, on right: 19 65 66
params_def (43)
    on left: 23 24, on right: 21 24
param_def (44)
    on left: 25, on right: 23 24
params_exec (45)
    on left: 26 27, on right: 22 27
param_exec (46)
    on left: 28, on right: 26 27
exec (47)
    on left: 29 30 31 32 33 34 35 36 37 40, on right: 4
@3 (48)
    on left: 38, on right: 40
@4 (49)
    on left: 39, on right: 40
if_head (50)
    on left: 43, on right: 36 37
@5 (51)
    on left: 41, on right: 43
@6 (52)
    on left: 42, on right: 43
exp (53)
    on left: 44 45 46 47 48 49 50 51 52, on right: 5 10 28 29 30 31
    32 33 34 35 40 43 45 46 47 48 49 50 51 52 61 62 63 64
factor (54)
    on left: 53 54 55, on right: 44 45 46 47 48 49 50 51 52 54 55
term (55)
    on left: 56 57 58 59 60 61 62 63 64 65 66, on right: 53 54 55


state 0

    0 $accept: . stmts $end

    INTEGER       shift, and go to state 1
    VAR           shift, and go to state 2
    PREFIXES_VAR  shift, and go to state 3
    IF            shift, and go to state 4
    WHILE         shift, and go to state 5
    '('           shift, and go to state 6
    '.'           shift, and go to state 7
    '&'           shift, and go to state 8
    '@'           shift, and go to state 9

    $default  reduce using rule 1 (stmts)

    stmts    go to state 10
    stmt     go to state 11
    def      go to state 12
    def_var  go to state 13
    def_arr  go to state 14
    def_fun  go to state 15
    exec     go to state 16
    if_head  go to state 17
    exp      go to state 18
    factor   go to state 19
    term     go to state 20


state 1

   56 term: INTEGER .

    $default  reduce using rule 56 (term)


state 2

   10 def_var: VAR . ':' exp
   11        | VAR . ':' PATH
   12        | VAR . ':' STRING
   14 def_arr: VAR . ':' '{' @1 items '}'
   19 def_fun: VAR . params ':' @2 '(' stmts ')'
   30 exec: VAR . '<' '=' exp
   32     | VAR . '\\' '(' exp ')' '<' '=' exp
   57 term: VAR .
   61     | VAR . '\\' '(' exp ')'
   65     | VAR . params

    '<'   shift, and go to state 21
    '('   shift, and go to state 22
    ':'   shift, and go to state 23
    '\\'  shift, and go to state 24

    '<'       [reduce using rule 57 (term)]
    $default  reduce using rule 57 (term)

    params  go to state 25


state 3

   31 exec: PREFIXES_VAR . '<' '=' exp
   33     | PREFIXES_VAR . '\\' '(' exp ')' '<' '=' exp
   58 term: PREFIXES_VAR .
   62     | PREFIXES_VAR . '\\' '(' exp ')'
   66     | PREFIXES_VAR . params

    '<'   shift, and go to state 26
    '('   shift, and go to state 22
    '\\'  shift, and go to state 27

    '<'       [reduce using rule 58 (term)]
    $default  reduce using rule 58 (term)

    params  go to state 28


state 4

   43 if_head: IF . @5 '(' exp @6 ',' stmt

    $default  reduce using rule 41 (@5)

    @5  go to state 29


state 5

   40 exec: WHILE . @3 '(' exp ',' @4 stmt ')'

    $default  reduce using rule 38 (@3)

    @3  go to state 30


state 6

    6 stmt: '(' . stmts ')'

    INTEGER       shift, and go to state 1
    VAR           shift, and go to state 2
    PREFIXES_VAR  shift, and go to state 3
    IF            shift, and go to state 4
    WHILE         shift, and go to state 5
    '('           shift, and go to state 6
    '.'           shift, and go to state 7
    '&'           shift, and go to state 8
    '@'           shift, and go to state 9

    $default  reduce using rule 1 (stmts)

    stmts    go to state 31
    stmt     go to state 11
    def      go to state 12
    def_var  go to state 13
    def_arr  go to state 14
    def_fun  go to state 15
    exec     go to state 16
    if_head  go to state 17
    exp      go to state 18
    factor   go to state 19
    term     go to state 20


state 7

   29 exec: '.' . '<' '=' exp

    '<'  shift, and go to state 32


state 8

   34 exec: '&' . VAR '\\' '(' exp ')' '<' '=' exp
   35     | '&' . PREFIXES_VAR '\\' '(' exp ')' '<' '=' exp
   63 term: '&' . VAR '\\' '(' exp ')'
   64     | '&' . PREFIXES_VAR '\\' '(' exp ')'

    VAR           shift, and go to state 33
    PREFIXES_VAR  shift, and go to state 34


state 9

   59 term: '@' . VAR
   60     | '@' . PREFIXES_VAR

    VAR           shift, and go to state 35
    PREFIXES_VAR  shift, and go to state 36


state 10

    0 $accept: stmts . $end

    $end  shift, and go to state 37


state 11

    2 stmts: stmt . ';' stmts

    ';'  shift, and go to state 38


state 12

    3 stmt: def .

    $default  reduce using rule 3 (stmt)


state 13

    7 def: def_var .

    $default  reduce using rule 7 (def)


state 14

    8 def: def_arr .

    $default  reduce using rule 8 (def)


state 15

    9 def: def_fun .

    $default  reduce using rule 9 (def)


state 16

    4 stmt: exec .

    $default  reduce using rule 4 (stmt)


state 17

   36 exec: if_head . ',' stmt ')'
   37     | if_head . ')'

    ')'  shift, and go to state 39
    ','  shift, and go to state 40


state 18

    5 stmt: exp .
   45 exp: exp . '+' factor
   46    | exp . '-' factor
   47    | exp . '<' factor
   48    | exp . '>' factor
   49    | exp . LEQ factor
   50    | exp . MEQ factor
   51    | exp . '=' factor
   52    | exp . '#' factor

    '<'  shift, and go to state 41
    '>'  shift, and go to state 42
    '='  shift, and go to state 43
    '#'  shift, and go to state 44
    MEQ  shift, and go to state 45
    LEQ  shift, and go to state 46
    '+'  shift, and go to state 47
    '-'  shift, and go to state 48

    $default  reduce using rule 5 (stmt)


state 19

   44 exp: factor .
   54 factor: factor . '*' term
   55       | factor . '/' term

    '*'  shift, and go to state 49
    '/'  shift, and go to state 50

    $default  reduce using rule 44 (exp)


state 20

   53 factor: term .

    $default  reduce using rule 53 (factor)


state 21

   30 exec: VAR '<' . '=' exp

    '='  shift, and go to state 51


state 22

   20 params: '(' . ')'
   21       | '(' . params_def ')'
   22       | '(' . params_exec ')'

    INTEGER       shift, and go to state 1
    VAR           shift, and go to state 52
    PREFIXES_VAR  shift, and go to state 53
    ')'           shift, and go to state 54
    '&'           shift, and go to state 55
    '@'           shift, and go to state 9

    params_def   go to state 56
    param_def    go to state 57
    params_exec  go to state 58
    param_exec   go to state 59
    exp          go to state 60
    factor       go to state 19
    term         go to state 20


state 23

   10 def_var: VAR ':' . exp
   11        | VAR ':' . PATH
   12        | VAR ':' . STRING
   14 def_arr: VAR ':' . '{' @1 items '}'

    INTEGER       shift, and go to state 1
    STRING        shift, and go to state 61
    VAR           shift, and go to state 62
    PATH          shift, and go to state 63
    PREFIXES_VAR  shift, and go to state 53
    '{'           shift, and go to state 64
    '&'           shift, and go to state 55
    '@'           shift, and go to state 9

    exp     go to state 65
    factor  go to state 19
    term    go to state 20


state 24

   32 exec: VAR '\\' . '(' exp ')' '<' '=' exp
   61 term: VAR '\\' . '(' exp ')'

    '('  shift, and go to state 66


state 25

   19 def_fun: VAR params . ':' @2 '(' stmts ')'
   65 term: VAR params .

    ':'  shift, and go to state 67

    $default  reduce using rule 65 (term)


state 26

   31 exec: PREFIXES_VAR '<' . '=' exp

    '='  shift, and go to state 68


state 27

   33 exec: PREFIXES_VAR '\\' . '(' exp ')' '<' '=' exp
   62 term: PREFIXES_VAR '\\' . '(' exp ')'

    '('  shift, and go to state 69


state 28

   66 term: PREFIXES_VAR params .

    $default  reduce using rule 66 (term)


state 29

   43 if_head: IF @5 . '(' exp @6 ',' stmt

    '('  shift, and go to state 70


state 30

   40 exec: WHILE @3 . '(' exp ',' @4 stmt ')'

    '('  shift, and go to state 71


state 31

    6 stmt: '(' stmts . ')'

    ')'  shift, and go to state 72


state 32

   29 exec: '.' '<' . '=' exp

    '='  shift, and go to state 73


state 33

   34 exec: '&' VAR . '\\' '(' exp ')' '<' '=' exp
   63 term: '&' VAR . '\\' '(' exp ')'

    '\\'  shift, and go to state 74


state 34

   35 exec: '&' PREFIXES_VAR . '\\' '(' exp ')' '<' '=' exp
   64 term: '&' PREFIXES_VAR . '\\' '(' exp ')'

    '\\'  shift, and go to state 75


state 35

   59 term: '@' VAR .

    $default  reduce using rule 59 (term)


state 36

   60 term: '@' PREFIXES_VAR .

    $default  reduce using rule 60 (term)


state 37

    0 $accept: stmts $end .

    $default  accept


state 38

    2 stmts: stmt ';' . stmts

    INTEGER       shift, and go to state 1
    VAR           shift, and go to state 2
    PREFIXES_VAR  shift, and go to state 3
    IF            shift, and go to state 4
    WHILE         shift, and go to state 5
    '('           shift, and go to state 6
    '.'           shift, and go to state 7
    '&'           shift, and go to state 8
    '@'           shift, and go to state 9

    $default  reduce using rule 1 (stmts)

    stmts    go to state 76
    stmt     go to state 11
    def      go to state 12
    def_var  go to state 13
    def_arr  go to state 14
    def_fun  go to state 15
    exec     go to state 16
    if_head  go to state 17
    exp      go to state 18
    factor   go to state 19
    term     go to state 20


state 39

   37 exec: if_head ')' .

    $default  reduce using rule 37 (exec)


state 40

   36 exec: if_head ',' . stmt ')'

    INTEGER       shift, and go to state 1
    VAR           shift, and go to state 2
    PREFIXES_VAR  shift, and go to state 3
    IF            shift, and go to state 4
    WHILE         shift, and go to state 5
    '('           shift, and go to state 6
    '.'           shift, and go to state 7
    '&'           shift, and go to state 8
    '@'           shift, and go to state 9

    stmt     go to state 77
    def      go to state 12
    def_var  go to state 13
    def_arr  go to state 14
    def_fun  go to state 15
    exec     go to state 16
    if_head  go to state 17
    exp      go to state 18
    factor   go to state 19
    term     go to state 20


state 41

   47 exp: exp '<' . factor

    INTEGER       shift, and go to state 1
    VAR           shift, and go to state 62
    PREFIXES_VAR  shift, and go to state 53
    '&'           shift, and go to state 55
    '@'           shift, and go to state 9

    factor  go to state 78
    term    go to state 20


state 42

   48 exp: exp '>' . factor

    INTEGER       shift, and go to state 1
    VAR           shift, and go to state 62
    PREFIXES_VAR  shift, and go to state 53
    '&'           shift, and go to state 55
    '@'           shift, and go to state 9

    factor  go to state 79
    term    go to state 20


state 43

   51 exp: exp '=' . factor

    INTEGER       shift, and go to state 1
    VAR           shift, and go to state 62
    PREFIXES_VAR  shift, and go to state 53
    '&'           shift, and go to state 55
    '@'           shift, and go to state 9

    factor  go to state 80
    term    go to state 20


state 44

   52 exp: exp '#' . factor

    INTEGER       shift, and go to state 1
    VAR           shift, and go to state 62
    PREFIXES_VAR  shift, and go to state 53
    '&'           shift, and go to state 55
    '@'           shift, and go to state 9

    factor  go to state 81
    term    go to state 20


state 45

   50 exp: exp MEQ . factor

    INTEGER       shift, and go to state 1
    VAR           shift, and go to state 62
    PREFIXES_VAR  shift, and go to state 53
    '&'           shift, and go to state 55
    '@'           shift, and go to state 9

    factor  go to state 82
    term    go to state 20


state 46

   49 exp: exp LEQ . factor

    INTEGER       shift, and go to state 1
    VAR           shift, and go to state 62
    PREFIXES_VAR  shift, and go to state 53
    '&'           shift, and go to state 55
    '@'           shift, and go to state 9

    factor  go to state 83
    term    go to state 20


state 47

   45 exp: exp '+' . factor

    INTEGER       shift, and go to state 1
    VAR           shift, and go to state 62
    PREFIXES_VAR  shift, and go to state 53
    '&'           shift, and go to state 55
    '@'           shift, and go to state 9

    factor  go to state 84
    term    go to state 20


state 48

   46 exp: exp '-' . factor

    INTEGER       shift, and go to state 1
    VAR           shift, and go to state 62
    PREFIXES_VAR  shift, and go to state 53
    '&'           shift, and go to state 55
    '@'           shift, and go to state 9

    factor  go to state 85
    term    go to state 20


state 49

   54 factor: factor '*' . term

    INTEGER       shift, and go to state 1
    VAR           shift, and go to state 62
    PREFIXES_VAR  shift, and go to state 53
    '&'           shift, and go to state 55
    '@'           shift, and go to state 9

    term  go to state 86


state 50

   55 factor: factor '/' . term

    INTEGER       shift, and go to state 1
    VAR           shift, and go to state 62
    PREFIXES_VAR  shift, and go to state 53
    '&'           shift, and go to state 55
    '@'           shift, and go to state 9

    term  go to state 87


state 51

   30 exec: VAR '<' '=' . exp

    INTEGER       shift, and go to state 1
    VAR           shift, and go to state 62
    PREFIXES_VAR  shift, and go to state 53
    '&'           shift, and go to state 55
    '@'           shift, and go to state 9

    exp     go to state 88
    factor  go to state 19
    term    go to state 20


state 52

   25 param_def: VAR . ':' INTEGER
   57 term: VAR .
   61     | VAR . '\\' '(' exp ')'
   65     | VAR . params

    '('   shift, and go to state 22
    ':'   shift, and go to state 89
    '\\'  shift, and go to state 90

    $default  reduce using rule 57 (term)

    params  go to state 91


state 53

   58 term: PREFIXES_VAR .
   62     | PREFIXES_VAR . '\\' '(' exp ')'
   66     | PREFIXES_VAR . params

    '('   shift, and go to state 22
    '\\'  shift, and go to state 92

    $default  reduce using rule 58 (term)

    params  go to state 28


state 54

   20 params: '(' ')' .

    $default  reduce using rule 20 (params)


state 55

   63 term: '&' . VAR '\\' '(' exp ')'
   64     | '&' . PREFIXES_VAR '\\' '(' exp ')'

    VAR           shift, and go to state 93
    PREFIXES_VAR  shift, and go to state 94


state 56

   21 params: '(' params_def . ')'

    ')'  shift, and go to state 95


state 57

   23 params_def: param_def .
   24           | param_def . ',' params_def

    ','  shift, and go to state 96

    $default  reduce using rule 23 (params_def)


state 58

   22 params: '(' params_exec . ')'

    ')'  shift, and go to state 97


state 59

   26 params_exec: param_exec .
   27            | param_exec . ',' params_exec

    ','  shift, and go to state 98

    $default  reduce using rule 26 (params_exec)


state 60

   28 param_exec: exp .
   45 exp: exp . '+' factor
   46    | exp . '-' factor
   47    | exp . '<' factor
   48    | exp . '>' factor
   49    | exp . LEQ factor
   50    | exp . MEQ factor
   51    | exp . '=' factor
   52    | exp . '#' factor

    '<'  shift, and go to state 41
    '>'  shift, and go to state 42
    '='  shift, and go to state 43
    '#'  shift, and go to state 44
    MEQ  shift, and go to state 45
    LEQ  shift, and go to state 46
    '+'  shift, and go to state 47
    '-'  shift, and go to state 48

    $default  reduce using rule 28 (param_exec)


state 61

   12 def_var: VAR ':' STRING .

    $default  reduce using rule 12 (def_var)


state 62

   57 term: VAR .
   61     | VAR . '\\' '(' exp ')'
   65     | VAR . params

    '('   shift, and go to state 22
    '\\'  shift, and go to state 90

    $default  reduce using rule 57 (term)

    params  go to state 91


state 63

   11 def_var: VAR ':' PATH .

    $default  reduce using rule 11 (def_var)


state 64

   14 def_arr: VAR ':' '{' . @1 items '}'

    $default  reduce using rule 13 (@1)

    @1  go to state 99


state 65

   10 def_var: VAR ':' exp .
   45 exp: exp . '+' factor
   46    | exp . '-' factor
   47    | exp . '<' factor
   48    | exp . '>' factor
   49    | exp . LEQ factor
   50    | exp . MEQ factor
   51    | exp . '=' factor
   52    | exp . '#' factor

    '<'  shift, and go to state 41
    '>'  shift, and go to state 42
    '='  shift, and go to state 43
    '#'  shift, and go to state 44
    MEQ  shift, and go to state 45
    LEQ  shift, and go to state 46
    '+'  shift, and go to state 47
    '-'  shift, and go to state 48

    $default  reduce using rule 10 (def_var)


state 66

   32 exec: VAR '\\' '(' . exp ')' '<' '=' exp
   61 term: VAR '\\' '(' . exp ')'

    INTEGER       shift, and go to state 1
    VAR           shift, and go to state 62
    PREFIXES_VAR  shift, and go to state 53
    '&'           shift, and go to state 55
    '@'           shift, and go to state 9

    exp     go to state 100
    factor  go to state 19
    term    go to state 20


state 67

   19 def_fun: VAR params ':' . @2 '(' stmts ')'

    $default  reduce using rule 18 (@2)

    @2  go to state 101


state 68

   31 exec: PREFIXES_VAR '<' '=' . exp

    INTEGER       shift, and go to state 1
    VAR           shift, and go to state 62
    PREFIXES_VAR  shift, and go to state 53
    '&'           shift, and go to state 55
    '@'           shift, and go to state 9

    exp     go to state 102
    factor  go to state 19
    term    go to state 20


state 69

   33 exec: PREFIXES_VAR '\\' '(' . exp ')' '<' '=' exp
   62 term: PREFIXES_VAR '\\' '(' . exp ')'

    INTEGER       shift, and go to state 1
    VAR           shift, and go to state 62
    PREFIXES_VAR  shift, and go to state 53
    '&'           shift, and go to state 55
    '@'           shift, and go to state 9

    exp     go to state 103
    factor  go to state 19
    term    go to state 20


state 70

   43 if_head: IF @5 '(' . exp @6 ',' stmt

    INTEGER       shift, and go to state 1
    VAR           shift, and go to state 62
    PREFIXES_VAR  shift, and go to state 53
    '&'           shift, and go to state 55
    '@'           shift, and go to state 9

    exp     go to state 104
    factor  go to state 19
    term    go to state 20


state 71

   40 exec: WHILE @3 '(' . exp ',' @4 stmt ')'

    INTEGER       shift, and go to state 1
    VAR           shift, and go to state 62
    PREFIXES_VAR  shift, and go to state 53
    '&'           shift, and go to state 55
    '@'           shift, and go to state 9

    exp     go to state 105
    factor  go to state 19
    term    go to state 20


state 72

    6 stmt: '(' stmts ')' .

    $default  reduce using rule 6 (stmt)


state 73

   29 exec: '.' '<' '=' . exp

    INTEGER       shift, and go to state 1
    VAR           shift, and go to state 62
    PREFIXES_VAR  shift, and go to state 53
    '&'           shift, and go to state 55
    '@'           shift, and go to state 9

    exp     go to state 106
    factor  go to state 19
    term    go to state 20


state 74

   34 exec: '&' VAR '\\' . '(' exp ')' '<' '=' exp
   63 term: '&' VAR '\\' . '(' exp ')'

    '('  shift, and go to state 107


state 75

   35 exec: '&' PREFIXES_VAR '\\' . '(' exp ')' '<' '=' exp
   64 term: '&' PREFIXES_VAR '\\' . '(' exp ')'

    '('  shift, and go to state 108


state 76

    2 stmts: stmt ';' stmts .

    $default  reduce using rule 2 (stmts)


state 77

   36 exec: if_head ',' stmt . ')'

    ')'  shift, and go to state 109


state 78

   47 exp: exp '<' factor .
   54 factor: factor . '*' term
   55       | factor . '/' term

    '*'  shift, and go to state 49
    '/'  shift, and go to state 50

    $default  reduce using rule 47 (exp)


state 79

   48 exp: exp '>' factor .
   54 factor: factor . '*' term
   55       | factor . '/' term

    '*'  shift, and go to state 49
    '/'  shift, and go to state 50

    $default  reduce using rule 48 (exp)


state 80

   51 exp: exp '=' factor .
   54 factor: factor . '*' term
   55       | factor . '/' term

    '*'  shift, and go to state 49
    '/'  shift, and go to state 50

    $default  reduce using rule 51 (exp)


state 81

   52 exp: exp '#' factor .
   54 factor: factor . '*' term
   55       | factor . '/' term

    '*'  shift, and go to state 49
    '/'  shift, and go to state 50

    $default  reduce using rule 52 (exp)


state 82

   50 exp: exp MEQ factor .
   54 factor: factor . '*' term
   55       | factor . '/' term

    '*'  shift, and go to state 49
    '/'  shift, and go to state 50

    $default  reduce using rule 50 (exp)


state 83

   49 exp: exp LEQ factor .
   54 factor: factor . '*' term
   55       | factor . '/' term

    '*'  shift, and go to state 49
    '/'  shift, and go to state 50

    $default  reduce using rule 49 (exp)


state 84

   45 exp: exp '+' factor .
   54 factor: factor . '*' term
   55       | factor . '/' term

    '*'  shift, and go to state 49
    '/'  shift, and go to state 50

    $default  reduce using rule 45 (exp)


state 85

   46 exp: exp '-' factor .
   54 factor: factor . '*' term
   55       | factor . '/' term

    '*'  shift, and go to state 49
    '/'  shift, and go to state 50

    $default  reduce using rule 46 (exp)


state 86

   54 factor: factor '*' term .

    $default  reduce using rule 54 (factor)


state 87

   55 factor: factor '/' term .

    $default  reduce using rule 55 (factor)


state 88

   30 exec: VAR '<' '=' exp .
   45 exp: exp . '+' factor
   46    | exp . '-' factor
   47    | exp . '<' factor
   48    | exp . '>' factor
   49    | exp . LEQ factor
   50    | exp . MEQ factor
   51    | exp . '=' factor
   52    | exp . '#' factor

    '<'  shift, and go to state 41
    '>'  shift, and go to state 42
    '='  shift, and go to state 43
    '#'  shift, and go to state 44
    MEQ  shift, and go to state 45
    LEQ  shift, and go to state 46
    '+'  shift, and go to state 47
    '-'  shift, and go to state 48

    $default  reduce using rule 30 (exec)


state 89

   25 param_def: VAR ':' . INTEGER

    INTEGER  shift, and go to state 110


state 90

   61 term: VAR '\\' . '(' exp ')'

    '('  shift, and go to state 111


state 91

   65 term: VAR params .

    $default  reduce using rule 65 (term)


state 92

   62 term: PREFIXES_VAR '\\' . '(' exp ')'

    '('  shift, and go to state 112


state 93

   63 term: '&' VAR . '\\' '(' exp ')'

    '\\'  shift, and go to state 113


state 94

   64 term: '&' PREFIXES_VAR . '\\' '(' exp ')'

    '\\'  shift, and go to state 114


state 95

   21 params: '(' params_def ')' .

    $default  reduce using rule 21 (params)


state 96

   24 params_def: param_def ',' . params_def

    VAR  shift, and go to state 115

    params_def  go to state 116
    param_def   go to state 57


state 97

   22 params: '(' params_exec ')' .

    $default  reduce using rule 22 (params)


state 98

   27 params_exec: param_exec ',' . params_exec

    INTEGER       shift, and go to state 1
    VAR           shift, and go to state 62
    PREFIXES_VAR  shift, and go to state 53
    '&'           shift, and go to state 55
    '@'           shift, and go to state 9

    params_exec  go to state 117
    param_exec   go to state 59
    exp          go to state 60
    factor       go to state 19
    term         go to state 20


state 99

   14 def_arr: VAR ':' '{' @1 . items '}'

    INTEGER  shift, and go to state 118

    $default  reduce using rule 17 (items)

    items  go to state 119


state 100

   32 exec: VAR '\\' '(' exp . ')' '<' '=' exp
   45 exp: exp . '+' factor
   46    | exp . '-' factor
   47    | exp . '<' factor
   48    | exp . '>' factor
   49    | exp . LEQ factor
   50    | exp . MEQ factor
   51    | exp . '=' factor
   52    | exp . '#' factor
   61 term: VAR '\\' '(' exp . ')'

    '<'  shift, and go to state 41
    '>'  shift, and go to state 42
    '='  shift, and go to state 43
    '#'  shift, and go to state 44
    MEQ  shift, and go to state 45
    LEQ  shift, and go to state 46
    '+'  shift, and go to state 47
    '-'  shift, and go to state 48
    ')'  shift, and go to state 120


state 101

   19 def_fun: VAR params ':' @2 . '(' stmts ')'

    '('  shift, and go to state 121


state 102

   31 exec: PREFIXES_VAR '<' '=' exp .
   45 exp: exp . '+' factor
   46    | exp . '-' factor
   47    | exp . '<' factor
   48    | exp . '>' factor
   49    | exp . LEQ factor
   50    | exp . MEQ factor
   51    | exp . '=' factor
   52    | exp . '#' factor

    '<'  shift, and go to state 41
    '>'  shift, and go to state 42
    '='  shift, and go to state 43
    '#'  shift, and go to state 44
    MEQ  shift, and go to state 45
    LEQ  shift, and go to state 46
    '+'  shift, and go to state 47
    '-'  shift, and go to state 48

    $default  reduce using rule 31 (exec)


state 103

   33 exec: PREFIXES_VAR '\\' '(' exp . ')' '<' '=' exp
   45 exp: exp . '+' factor
   46    | exp . '-' factor
   47    | exp . '<' factor
   48    | exp . '>' factor
   49    | exp . LEQ factor
   50    | exp . MEQ factor
   51    | exp . '=' factor
   52    | exp . '#' factor
   62 term: PREFIXES_VAR '\\' '(' exp . ')'

    '<'  shift, and go to state 41
    '>'  shift, and go to state 42
    '='  shift, and go to state 43
    '#'  shift, and go to state 44
    MEQ  shift, and go to state 45
    LEQ  shift, and go to state 46
    '+'  shift, and go to state 47
    '-'  shift, and go to state 48
    ')'  shift, and go to state 122


state 104

   43 if_head: IF @5 '(' exp . @6 ',' stmt
   45 exp: exp . '+' factor
   46    | exp . '-' factor
   47    | exp . '<' factor
   48    | exp . '>' factor
   49    | exp . LEQ factor
   50    | exp . MEQ factor
   51    | exp . '=' factor
   52    | exp . '#' factor

    '<'  shift, and go to state 41
    '>'  shift, and go to state 42
    '='  shift, and go to state 43
    '#'  shift, and go to state 44
    MEQ  shift, and go to state 45
    LEQ  shift, and go to state 46
    '+'  shift, and go to state 47
    '-'  shift, and go to state 48

    $default  reduce using rule 42 (@6)

    @6  go to state 123


state 105

   40 exec: WHILE @3 '(' exp . ',' @4 stmt ')'
   45 exp: exp . '+' factor
   46    | exp . '-' factor
   47    | exp . '<' factor
   48    | exp . '>' factor
   49    | exp . LEQ factor
   50    | exp . MEQ factor
   51    | exp . '=' factor
   52    | exp . '#' factor

    '<'  shift, and go to state 41
    '>'  shift, and go to state 42
    '='  shift, and go to state 43
    '#'  shift, and go to state 44
    MEQ  shift, and go to state 45
    LEQ  shift, and go to state 46
    '+'  shift, and go to state 47
    '-'  shift, and go to state 48
    ','  shift, and go to state 124


state 106

   29 exec: '.' '<' '=' exp .
   45 exp: exp . '+' factor
   46    | exp . '-' factor
   47    | exp . '<' factor
   48    | exp . '>' factor
   49    | exp . LEQ factor
   50    | exp . MEQ factor
   51    | exp . '=' factor
   52    | exp . '#' factor

    '<'  shift, and go to state 41
    '>'  shift, and go to state 42
    '='  shift, and go to state 43
    '#'  shift, and go to state 44
    MEQ  shift, and go to state 45
    LEQ  shift, and go to state 46
    '+'  shift, and go to state 47
    '-'  shift, and go to state 48

    $default  reduce using rule 29 (exec)


state 107

   34 exec: '&' VAR '\\' '(' . exp ')' '<' '=' exp
   63 term: '&' VAR '\\' '(' . exp ')'

    INTEGER       shift, and go to state 1
    VAR           shift, and go to state 62
    PREFIXES_VAR  shift, and go to state 53
    '&'           shift, and go to state 55
    '@'           shift, and go to state 9

    exp     go to state 125
    factor  go to state 19
    term    go to state 20


state 108

   35 exec: '&' PREFIXES_VAR '\\' '(' . exp ')' '<' '=' exp
   64 term: '&' PREFIXES_VAR '\\' '(' . exp ')'

    INTEGER       shift, and go to state 1
    VAR           shift, and go to state 62
    PREFIXES_VAR  shift, and go to state 53
    '&'           shift, and go to state 55
    '@'           shift, and go to state 9

    exp     go to state 126
    factor  go to state 19
    term    go to state 20


state 109

   36 exec: if_head ',' stmt ')' .

    $default  reduce using rule 36 (exec)


state 110

   25 param_def: VAR ':' INTEGER .

    $default  reduce using rule 25 (param_def)


state 111

   61 term: VAR '\\' '(' . exp ')'

    INTEGER       shift, and go to state 1
    VAR           shift, and go to state 62
    PREFIXES_VAR  shift, and go to state 53
    '&'           shift, and go to state 55
    '@'           shift, and go to state 9

    exp     go to state 127
    factor  go to state 19
    term    go to state 20


state 112

   62 term: PREFIXES_VAR '\\' '(' . exp ')'

    INTEGER       shift, and go to state 1
    VAR           shift, and go to state 62
    PREFIXES_VAR  shift, and go to state 53
    '&'           shift, and go to state 55
    '@'           shift, and go to state 9

    exp     go to state 128
    factor  go to state 19
    term    go to state 20


state 113

   63 term: '&' VAR '\\' . '(' exp ')'

    '('  shift, and go to state 129


state 114

   64 term: '&' PREFIXES_VAR '\\' . '(' exp ')'

    '('  shift, and go to state 130


state 115

   25 param_def: VAR . ':' INTEGER

    ':'  shift, and go to state 89


state 116

   24 params_def: param_def ',' params_def .

    $default  reduce using rule 24 (params_def)


state 117

   27 params_exec: param_exec ',' params_exec .

    $default  reduce using rule 27 (params_exec)


state 118

   16 items: INTEGER .

    $default  reduce using rule 16 (items)


state 119

   14 def_arr: VAR ':' '{' @1 items . '}'
   15 items: items . ',' INTEGER

    '}'  shift, and go to state 131
    ','  shift, and go to state 132


state 120

   32 exec: VAR '\\' '(' exp ')' . '<' '=' exp
   61 term: VAR '\\' '(' exp ')' .

    '<'  shift, and go to state 133

    '<'       [reduce using rule 61 (term)]
    $default  reduce using rule 61 (term)


state 121

   19 def_fun: VAR params ':' @2 '(' . stmts ')'

    INTEGER       shift, and go to state 1
    VAR           shift, and go to state 2
    PREFIXES_VAR  shift, and go to state 3
    IF            shift, and go to state 4
    WHILE         shift, and go to state 5
    '('           shift, and go to state 6
    '.'           shift, and go to state 7
    '&'           shift, and go to state 8
    '@'           shift, and go to state 9

    $default  reduce using rule 1 (stmts)

    stmts    go to state 134
    stmt     go to state 11
    def      go to state 12
    def_var  go to state 13
    def_arr  go to state 14
    def_fun  go to state 15
    exec     go to state 16
    if_head  go to state 17
    exp      go to state 18
    factor   go to state 19
    term     go to state 20


state 122

   33 exec: PREFIXES_VAR '\\' '(' exp ')' . '<' '=' exp
   62 term: PREFIXES_VAR '\\' '(' exp ')' .

    '<'  shift, and go to state 135

    '<'       [reduce using rule 62 (term)]
    $default  reduce using rule 62 (term)


state 123

   43 if_head: IF @5 '(' exp @6 . ',' stmt

    ','  shift, and go to state 136


state 124

   40 exec: WHILE @3 '(' exp ',' . @4 stmt ')'

    $default  reduce using rule 39 (@4)

    @4  go to state 137


state 125

   34 exec: '&' VAR '\\' '(' exp . ')' '<' '=' exp
   45 exp: exp . '+' factor
   46    | exp . '-' factor
   47    | exp . '<' factor
   48    | exp . '>' factor
   49    | exp . LEQ factor
   50    | exp . MEQ factor
   51    | exp . '=' factor
   52    | exp . '#' factor
   63 term: '&' VAR '\\' '(' exp . ')'

    '<'  shift, and go to state 41
    '>'  shift, and go to state 42
    '='  shift, and go to state 43
    '#'  shift, and go to state 44
    MEQ  shift, and go to state 45
    LEQ  shift, and go to state 46
    '+'  shift, and go to state 47
    '-'  shift, and go to state 48
    ')'  shift, and go to state 138


state 126

   35 exec: '&' PREFIXES_VAR '\\' '(' exp . ')' '<' '=' exp
   45 exp: exp . '+' factor
   46    | exp . '-' factor
   47    | exp . '<' factor
   48    | exp . '>' factor
   49    | exp . LEQ factor
   50    | exp . MEQ factor
   51    | exp . '=' factor
   52    | exp . '#' factor
   64 term: '&' PREFIXES_VAR '\\' '(' exp . ')'

    '<'  shift, and go to state 41
    '>'  shift, and go to state 42
    '='  shift, and go to state 43
    '#'  shift, and go to state 44
    MEQ  shift, and go to state 45
    LEQ  shift, and go to state 46
    '+'  shift, and go to state 47
    '-'  shift, and go to state 48
    ')'  shift, and go to state 139


state 127

   45 exp: exp . '+' factor
   46    | exp . '-' factor
   47    | exp . '<' factor
   48    | exp . '>' factor
   49    | exp . LEQ factor
   50    | exp . MEQ factor
   51    | exp . '=' factor
   52    | exp . '#' factor
   61 term: VAR '\\' '(' exp . ')'

    '<'  shift, and go to state 41
    '>'  shift, and go to state 42
    '='  shift, and go to state 43
    '#'  shift, and go to state 44
    MEQ  shift, and go to state 45
    LEQ  shift, and go to state 46
    '+'  shift, and go to state 47
    '-'  shift, and go to state 48
    ')'  shift, and go to state 140


state 128

   45 exp: exp . '+' factor
   46    | exp . '-' factor
   47    | exp . '<' factor
   48    | exp . '>' factor
   49    | exp . LEQ factor
   50    | exp . MEQ factor
   51    | exp . '=' factor
   52    | exp . '#' factor
   62 term: PREFIXES_VAR '\\' '(' exp . ')'

    '<'  shift, and go to state 41
    '>'  shift, and go to state 42
    '='  shift, and go to state 43
    '#'  shift, and go to state 44
    MEQ  shift, and go to state 45
    LEQ  shift, and go to state 46
    '+'  shift, and go to state 47
    '-'  shift, and go to state 48
    ')'  shift, and go to state 141


state 129

   63 term: '&' VAR '\\' '(' . exp ')'

    INTEGER       shift, and go to state 1
    VAR           shift, and go to state 62
    PREFIXES_VAR  shift, and go to state 53
    '&'           shift, and go to state 55
    '@'           shift, and go to state 9

    exp     go to state 142
    factor  go to state 19
    term    go to state 20


state 130

   64 term: '&' PREFIXES_VAR '\\' '(' . exp ')'

    INTEGER       shift, and go to state 1
    VAR           shift, and go to state 62
    PREFIXES_VAR  shift, and go to state 53
    '&'           shift, and go to state 55
    '@'           shift, and go to state 9

    exp     go to state 143
    factor  go to state 19
    term    go to state 20


state 131

   14 def_arr: VAR ':' '{' @1 items '}' .

    $default  reduce using rule 14 (def_arr)


state 132

   15 items: items ',' . INTEGER

    INTEGER  shift, and go to state 144


state 133

   32 exec: VAR '\\' '(' exp ')' '<' . '=' exp

    '='  shift, and go to state 145


state 134

   19 def_fun: VAR params ':' @2 '(' stmts . ')'

    ')'  shift, and go to state 146


state 135

   33 exec: PREFIXES_VAR '\\' '(' exp ')' '<' . '=' exp

    '='  shift, and go to state 147


state 136

   43 if_head: IF @5 '(' exp @6 ',' . stmt

    INTEGER       shift, and go to state 1
    VAR           shift, and go to state 2
    PREFIXES_VAR  shift, and go to state 3
    IF            shift, and go to state 4
    WHILE         shift, and go to state 5
    '('           shift, and go to state 6
    '.'           shift, and go to state 7
    '&'           shift, and go to state 8
    '@'           shift, and go to state 9

    stmt     go to state 148
    def      go to state 12
    def_var  go to state 13
    def_arr  go to state 14
    def_fun  go to state 15
    exec     go to state 16
    if_head  go to state 17
    exp      go to state 18
    factor   go to state 19
    term     go to state 20


state 137

   40 exec: WHILE @3 '(' exp ',' @4 . stmt ')'

    INTEGER       shift, and go to state 1
    VAR           shift, and go to state 2
    PREFIXES_VAR  shift, and go to state 3
    IF            shift, and go to state 4
    WHILE         shift, and go to state 5
    '('           shift, and go to state 6
    '.'           shift, and go to state 7
    '&'           shift, and go to state 8
    '@'           shift, and go to state 9

    stmt     go to state 149
    def      go to state 12
    def_var  go to state 13
    def_arr  go to state 14
    def_fun  go to state 15
    exec     go to state 16
    if_head  go to state 17
    exp      go to state 18
    factor   go to state 19
    term     go to state 20


state 138

   34 exec: '&' VAR '\\' '(' exp ')' . '<' '=' exp
   63 term: '&' VAR '\\' '(' exp ')' .

    '<'  shift, and go to state 150

    '<'       [reduce using rule 63 (term)]
    $default  reduce using rule 63 (term)


state 139

   35 exec: '&' PREFIXES_VAR '\\' '(' exp ')' . '<' '=' exp
   64 term: '&' PREFIXES_VAR '\\' '(' exp ')' .

    '<'  shift, and go to state 151

    '<'       [reduce using rule 64 (term)]
    $default  reduce using rule 64 (term)


state 140

   61 term: VAR '\\' '(' exp ')' .

    $default  reduce using rule 61 (term)


state 141

   62 term: PREFIXES_VAR '\\' '(' exp ')' .

    $default  reduce using rule 62 (term)


state 142

   45 exp: exp . '+' factor
   46    | exp . '-' factor
   47    | exp . '<' factor
   48    | exp . '>' factor
   49    | exp . LEQ factor
   50    | exp . MEQ factor
   51    | exp . '=' factor
   52    | exp . '#' factor
   63 term: '&' VAR '\\' '(' exp . ')'

    '<'  shift, and go to state 41
    '>'  shift, and go to state 42
    '='  shift, and go to state 43
    '#'  shift, and go to state 44
    MEQ  shift, and go to state 45
    LEQ  shift, and go to state 46
    '+'  shift, and go to state 47
    '-'  shift, and go to state 48
    ')'  shift, and go to state 152


state 143

   45 exp: exp . '+' factor
   46    | exp . '-' factor
   47    | exp . '<' factor
   48    | exp . '>' factor
   49    | exp . LEQ factor
   50    | exp . MEQ factor
   51    | exp . '=' factor
   52    | exp . '#' factor
   64 term: '&' PREFIXES_VAR '\\' '(' exp . ')'

    '<'  shift, and go to state 41
    '>'  shift, and go to state 42
    '='  shift, and go to state 43
    '#'  shift, and go to state 44
    MEQ  shift, and go to state 45
    LEQ  shift, and go to state 46
    '+'  shift, and go to state 47
    '-'  shift, and go to state 48
    ')'  shift, and go to state 153


state 144

   15 items: items ',' INTEGER .

    $default  reduce using rule 15 (items)


state 145

   32 exec: VAR '\\' '(' exp ')' '<' '=' . exp

    INTEGER       shift, and go to state 1
    VAR           shift, and go to state 62
    PREFIXES_VAR  shift, and go to state 53
    '&'           shift, and go to state 55
    '@'           shift, and go to state 9

    exp     go to state 154
    factor  go to state 19
    term    go to state 20


state 146

   19 def_fun: VAR params ':' @2 '(' stmts ')' .

    $default  reduce using rule 19 (def_fun)


state 147

   33 exec: PREFIXES_VAR '\\' '(' exp ')' '<' '=' . exp

    INTEGER       shift, and go to state 1
    VAR           shift, and go to state 62
    PREFIXES_VAR  shift, and go to state 53
    '&'           shift, and go to state 55
    '@'           shift, and go to state 9

    exp     go to state 155
    factor  go to state 19
    term    go to state 20


state 148

   43 if_head: IF @5 '(' exp @6 ',' stmt .

    $default  reduce using rule 43 (if_head)


state 149

   40 exec: WHILE @3 '(' exp ',' @4 stmt . ')'

    ')'  shift, and go to state 156


state 150

   34 exec: '&' VAR '\\' '(' exp ')' '<' . '=' exp

    '='  shift, and go to state 157


state 151

   35 exec: '&' PREFIXES_VAR '\\' '(' exp ')' '<' . '=' exp

    '='  shift, and go to state 158


state 152

   63 term: '&' VAR '\\' '(' exp ')' .

    $default  reduce using rule 63 (term)


state 153

   64 term: '&' PREFIXES_VAR '\\' '(' exp ')' .

    $default  reduce using rule 64 (term)


state 154

   32 exec: VAR '\\' '(' exp ')' '<' '=' exp .
   45 exp: exp . '+' factor
   46    | exp . '-' factor
   47    | exp . '<' factor
   48    | exp . '>' factor
   49    | exp . LEQ factor
   50    | exp . MEQ factor
   51    | exp . '=' factor
   52    | exp . '#' factor

    '<'  shift, and go to state 41
    '>'  shift, and go to state 42
    '='  shift, and go to state 43
    '#'  shift, and go to state 44
    MEQ  shift, and go to state 45
    LEQ  shift, and go to state 46
    '+'  shift, and go to state 47
    '-'  shift, and go to state 48

    $default  reduce using rule 32 (exec)


state 155

   33 exec: PREFIXES_VAR '\\' '(' exp ')' '<' '=' exp .
   45 exp: exp . '+' factor
   46    | exp . '-' factor
   47    | exp . '<' factor
   48    | exp . '>' factor
   49    | exp . LEQ factor
   50    | exp . MEQ factor
   51    | exp . '=' factor
   52    | exp . '#' factor

    '<'  shift, and go to state 41
    '>'  shift, and go to state 42
    '='  shift, and go to state 43
    '#'  shift, and go to state 44
    MEQ  shift, and go to state 45
    LEQ  shift, and go to state 46
    '+'  shift, and go to state 47
    '-'  shift, and go to state 48

    $default  reduce using rule 33 (exec)


state 156

   40 exec: WHILE @3 '(' exp ',' @4 stmt ')' .

    $default  reduce using rule 40 (exec)


state 157

   34 exec: '&' VAR '\\' '(' exp ')' '<' '=' . exp

    INTEGER       shift, and go to state 1
    VAR           shift, and go to state 62
    PREFIXES_VAR  shift, and go to state 53
    '&'           shift, and go to state 55
    '@'           shift, and go to state 9

    exp     go to state 159
    factor  go to state 19
    term    go to state 20


state 158

   35 exec: '&' PREFIXES_VAR '\\' '(' exp ')' '<' '=' . exp

    INTEGER       shift, and go to state 1
    VAR           shift, and go to state 62
    PREFIXES_VAR  shift, and go to state 53
    '&'           shift, and go to state 55
    '@'           shift, and go to state 9

    exp     go to state 160
    factor  go to state 19
    term    go to state 20


state 159

   34 exec: '&' VAR '\\' '(' exp ')' '<' '=' exp .
   45 exp: exp . '+' factor
   46    | exp . '-' factor
   47    | exp . '<' factor
   48    | exp . '>' factor
   49    | exp . LEQ factor
   50    | exp . MEQ factor
   51    | exp . '=' factor
   52    | exp . '#' factor

    '<'  shift, and go to state 41
    '>'  shift, and go to state 42
    '='  shift, and go to state 43
    '#'  shift, and go to state 44
    MEQ  shift, and go to state 45
    LEQ  shift, and go to state 46
    '+'  shift, and go to state 47
    '-'  shift, and go to state 48

    $default  reduce using rule 34 (exec)


state 160

   35 exec: '&' PREFIXES_VAR '\\' '(' exp ')' '<' '=' exp .
   45 exp: exp . '+' factor
   46    | exp . '-' factor
   47    | exp . '<' factor
   48    | exp . '>' factor
   49    | exp . LEQ factor
   50    | exp . MEQ factor
   51    | exp . '=' factor
   52    | exp . '#' factor

    '<'  shift, and go to state 41
    '>'  shift, and go to state 42
    '='  shift, and go to state 43
    '#'  shift, and go to state 44
    MEQ  shift, and go to state 45
    LEQ  shift, and go to state 46
    '+'  shift, and go to state 47
    '-'  shift, and go to state 48

    $default  reduce using rule 35 (exec)
